{"/Users/rachel/meetup/meetup/src/App.js": {"path":"/Users/rachel/meetup/meetup/src/App.js","statementMap":{"0":{"start":{"line":10,"column":10},"end":{"line":12,"column":3}},"1":{"start":{"line":14,"column":17},"end":{"line":16,"column":3}},"2":{"start":{"line":15,"column":4},"end":{"line":15,"column":66}},"3":{"start":{"line":15,"column":39},"end":{"line":15,"column":64}},"4":{"start":{"line":18,"column":4},"end":{"line":26,"column":6}}},"fnMap":{"0":{"name":"(anonymous_0)","decl":{"start":{"line":14,"column":17},"end":{"line":14,"column":18}},"loc":{"start":{"line":14,"column":31},"end":{"line":16,"column":3}},"line":14},"1":{"name":"(anonymous_1)","decl":{"start":{"line":15,"column":29},"end":{"line":15,"column":30}},"loc":{"start":{"line":15,"column":39},"end":{"line":15,"column":64}},"line":15},"2":{"name":"(anonymous_2)","decl":{"start":{"line":17,"column":2},"end":{"line":17,"column":3}},"loc":{"start":{"line":17,"column":11},"end":{"line":27,"column":3}},"line":17}},"branchMap":{},"s":{"0":4,"1":4,"2":1,"3":1,"4":7},"f":{"0":1,"1":1,"2":7},"b":{},"_coverageSchema":"43e27e138ebf9cfc5966b082cf9a028302ed4184","hash":"79a0f47648f49f4dee0a2f4ac5e38e099c238446"}
,"/Users/rachel/meetup/meetup/src/CitySearch.js": {"path":"/Users/rachel/meetup/meetup/src/CitySearch.js","statementMap":{"0":{"start":{"line":5,"column":12},"end":{"line":9,"column":5}},"1":{"start":{"line":10,"column":25},"end":{"line":14,"column":5}},"2":{"start":{"line":11,"column":22},"end":{"line":11,"column":40}},"3":{"start":{"line":12,"column":8},"end":{"line":12,"column":40}},"4":{"start":{"line":13,"column":8},"end":{"line":13,"column":82}},"5":{"start":{"line":13,"column":50},"end":{"line":13,"column":80}},"6":{"start":{"line":15,"column":24},"end":{"line":18,"column":5}},"7":{"start":{"line":16,"column":8},"end":{"line":16,"column":57}},"8":{"start":{"line":17,"column":8},"end":{"line":17,"column":42}},"9":{"start":{"line":21,"column":8},"end":{"line":29,"column":10}},"10":{"start":{"line":26,"column":24},"end":{"line":26,"column":151}},"11":{"start":{"line":26,"column":66},"end":{"line":26,"column":126}}},"fnMap":{"0":{"name":"(anonymous_0)","decl":{"start":{"line":10,"column":25},"end":{"line":10,"column":26}},"loc":{"start":{"line":10,"column":36},"end":{"line":14,"column":5}},"line":10},"1":{"name":"(anonymous_1)","decl":{"start":{"line":13,"column":35},"end":{"line":13,"column":36}},"loc":{"start":{"line":13,"column":50},"end":{"line":13,"column":80}},"line":13},"2":{"name":"(anonymous_2)","decl":{"start":{"line":15,"column":24},"end":{"line":15,"column":25}},"loc":{"start":{"line":15,"column":45},"end":{"line":18,"column":5}},"line":15},"3":{"name":"(anonymous_3)","decl":{"start":{"line":20,"column":4},"end":{"line":20,"column":5}},"loc":{"start":{"line":20,"column":13},"end":{"line":30,"column":5}},"line":20},"4":{"name":"(anonymous_4)","decl":{"start":{"line":25,"column":48},"end":{"line":25,"column":49}},"loc":{"start":{"line":26,"column":24},"end":{"line":26,"column":151}},"line":26},"5":{"name":"(anonymous_5)","decl":{"start":{"line":26,"column":60},"end":{"line":26,"column":61}},"loc":{"start":{"line":26,"column":66},"end":{"line":26,"column":126}},"line":26}},"branchMap":{},"s":{"0":4,"1":4,"2":2,"3":2,"4":2,"5":2,"6":4,"7":2,"8":2,"9":13,"10":6,"11":1},"f":{"0":2,"1":2,"2":2,"3":13,"4":6,"5":1},"b":{},"_coverageSchema":"43e27e138ebf9cfc5966b082cf9a028302ed4184","hash":"8de643433798790e6600750380775c21b4afc7a7"}
,"/Users/rachel/meetup/meetup/src/Event.js": {"path":"/Users/rachel/meetup/meetup/src/Event.js","statementMap":{"0":{"start":{"line":5,"column":12},"end":{"line":8,"column":5}},"1":{"start":{"line":10,"column":24},"end":{"line":12,"column":5}},"2":{"start":{"line":11,"column":8},"end":{"line":11,"column":44}},"3":{"start":{"line":15,"column":28},"end":{"line":15,"column":50}},"4":{"start":{"line":16,"column":26},"end":{"line":16,"column":36}},"5":{"start":{"line":17,"column":8},"end":{"line":39,"column":10}}},"fnMap":{"0":{"name":"(anonymous_0)","decl":{"start":{"line":10,"column":24},"end":{"line":10,"column":25}},"loc":{"start":{"line":10,"column":30},"end":{"line":12,"column":5}},"line":10},"1":{"name":"(anonymous_1)","decl":{"start":{"line":14,"column":4},"end":{"line":14,"column":5}},"loc":{"start":{"line":14,"column":13},"end":{"line":40,"column":5}},"line":14}},"branchMap":{"0":{"loc":{"start":{"line":30,"column":25},"end":{"line":33,"column":34}},"type":"binary-expr","locations":[{"start":{"line":30,"column":25},"end":{"line":30,"column":47}},{"start":{"line":31,"column":28},"end":{"line":33,"column":34}}],"line":30}},"s":{"0":5,"1":5,"2":2,"3":8,"4":8,"5":8},"f":{"0":2,"1":8},"b":{"0":[8,2]},"_coverageSchema":"43e27e138ebf9cfc5966b082cf9a028302ed4184","hash":"ebbcd7eca986295e1fae4d590e91b0bd2eea1c15"}
,"/Users/rachel/meetup/meetup/src/EventList.js": {"path":"/Users/rachel/meetup/meetup/src/EventList.js","statementMap":{"0":{"start":{"line":5,"column":12},"end":{"line":7,"column":5}},"1":{"start":{"line":9,"column":8},"end":{"line":17,"column":10}},"2":{"start":{"line":12,"column":20},"end":{"line":14,"column":25}}},"fnMap":{"0":{"name":"(anonymous_0)","decl":{"start":{"line":8,"column":4},"end":{"line":8,"column":5}},"loc":{"start":{"line":8,"column":13},"end":{"line":18,"column":5}},"line":8},"1":{"name":"(anonymous_1)","decl":{"start":{"line":11,"column":39},"end":{"line":11,"column":40}},"loc":{"start":{"line":12,"column":20},"end":{"line":14,"column":25}},"line":12}},"branchMap":{},"s":{"0":3,"1":5,"2":8},"f":{"0":5,"1":8},"b":{},"_coverageSchema":"43e27e138ebf9cfc5966b082cf9a028302ed4184","hash":"d6b2f3756b8ecbd207f0a48a43d5145a441ba027"}
,"/Users/rachel/meetup/meetup/src/api.js": {"path":"/Users/rachel/meetup/meetup/src/api.js","statementMap":{"0":{"start":{"line":4,"column":4},"end":{"line":24,"column":6}},"1":{"start":{"line":28,"column":4},"end":{"line":28,"column":29}},"2":{"start":{"line":32,"column":24},"end":{"line":32,"column":60}},"3":{"start":{"line":33,"column":4},"end":{"line":42,"column":5}},"4":{"start":{"line":34,"column":29},"end":{"line":34,"column":72}},"5":{"start":{"line":35,"column":21},"end":{"line":35,"column":45}},"6":{"start":{"line":37,"column":8},"end":{"line":40,"column":9}},"7":{"start":{"line":38,"column":12},"end":{"line":38,"column":190}},"8":{"start":{"line":39,"column":12},"end":{"line":39,"column":24}},"9":{"start":{"line":41,"column":8},"end":{"line":41,"column":49}},"10":{"start":{"line":43,"column":26},"end":{"line":43,"column":65}},"11":{"start":{"line":45,"column":4},"end":{"line":47,"column":5}},"12":{"start":{"line":46,"column":8},"end":{"line":46,"column":27}},"13":{"start":{"line":49,"column":25},"end":{"line":49,"column":62}},"14":{"start":{"line":50,"column":4},"end":{"line":50,"column":56}}},"fnMap":{"0":{"name":"getSuggestions","decl":{"start":{"line":3,"column":15},"end":{"line":3,"column":29}},"loc":{"start":{"line":3,"column":37},"end":{"line":25,"column":1}},"line":3},"1":{"name":"getEvents","decl":{"start":{"line":27,"column":15},"end":{"line":27,"column":24}},"loc":{"start":{"line":27,"column":35},"end":{"line":29,"column":1}},"line":27},"2":{"name":"getAccessToken","decl":{"start":{"line":31,"column":15},"end":{"line":31,"column":29}},"loc":{"start":{"line":31,"column":32},"end":{"line":51,"column":1}},"line":31}},"branchMap":{"0":{"loc":{"start":{"line":33,"column":4},"end":{"line":42,"column":5}},"type":"if","locations":[{"start":{"line":33,"column":4},"end":{"line":42,"column":5}},{"start":{"line":33,"column":4},"end":{"line":42,"column":5}}],"line":33},"1":{"loc":{"start":{"line":37,"column":8},"end":{"line":40,"column":9}},"type":"if","locations":[{"start":{"line":37,"column":8},"end":{"line":40,"column":9}},{"start":{"line":37,"column":8},"end":{"line":40,"column":9}}],"line":37},"2":{"loc":{"start":{"line":45,"column":4},"end":{"line":47,"column":5}},"type":"if","locations":[{"start":{"line":45,"column":4},"end":{"line":47,"column":5}},{"start":{"line":45,"column":4},"end":{"line":47,"column":5}}],"line":45},"3":{"loc":{"start":{"line":45,"column":8},"end":{"line":45,"column":61}},"type":"binary-expr","locations":[{"start":{"line":45,"column":8},"end":{"line":45,"column":19}},{"start":{"line":45,"column":24},"end":{"line":45,"column":60}}],"line":45}},"s":{"0":2,"1":1,"2":0,"3":0,"4":0,"5":0,"6":0,"7":0,"8":0,"9":0,"10":0,"11":0,"12":0,"13":0,"14":0},"f":{"0":2,"1":1,"2":0},"b":{"0":[0,0],"1":[0,0],"2":[0,0],"3":[0,0]},"_coverageSchema":"43e27e138ebf9cfc5966b082cf9a028302ed4184","hash":"2c956fd891ab2cb83203b21bd87a6d4c89291711"}
,"/Users/rachel/meetup/meetup/src/mock-events.js": {"path":"/Users/rachel/meetup/meetup/src/mock-events.js","statementMap":{"0":{"start":{"line":2,"column":0},"end":{"line":59,"column":1}}},"fnMap":{},"branchMap":{},"s":{"0":4},"f":{},"b":{},"_coverageSchema":"43e27e138ebf9cfc5966b082cf9a028302ed4184","hash":"4b4f17711457fa410ab7f92cdd6625e14802832d"}
}
