TN:
SF:/Users/rachel/meetup/meetup/src/App.js
FN:14,(anonymous_0)
FN:15,(anonymous_1)
FN:17,(anonymous_2)
FNF:3
FNH:3
FNDA:1,(anonymous_0)
FNDA:1,(anonymous_1)
FNDA:7,(anonymous_2)
DA:10,4
DA:14,4
DA:15,1
DA:18,7
LF:4
LH:4
BRF:0
BRH:0
end_of_record
TN:
SF:/Users/rachel/meetup/meetup/src/CitySearch.js
FN:10,(anonymous_0)
FN:13,(anonymous_1)
FN:15,(anonymous_2)
FN:20,(anonymous_3)
FN:25,(anonymous_4)
FN:26,(anonymous_5)
FNF:6
FNH:6
FNDA:2,(anonymous_0)
FNDA:2,(anonymous_1)
FNDA:2,(anonymous_2)
FNDA:13,(anonymous_3)
FNDA:6,(anonymous_4)
FNDA:1,(anonymous_5)
DA:5,4
DA:10,4
DA:11,2
DA:12,2
DA:13,2
DA:15,4
DA:16,2
DA:17,2
DA:21,13
DA:26,6
LF:10
LH:10
BRF:0
BRH:0
end_of_record
TN:
SF:/Users/rachel/meetup/meetup/src/Event.js
FN:10,(anonymous_0)
FN:14,(anonymous_1)
FNF:2
FNH:2
FNDA:2,(anonymous_0)
FNDA:8,(anonymous_1)
DA:5,5
DA:10,5
DA:11,2
DA:15,8
DA:16,8
DA:17,8
LF:6
LH:6
BRDA:30,0,0,8
BRDA:30,0,1,2
BRF:2
BRH:2
end_of_record
TN:
SF:/Users/rachel/meetup/meetup/src/EventList.js
FN:8,(anonymous_0)
FN:11,(anonymous_1)
FNF:2
FNH:2
FNDA:5,(anonymous_0)
FNDA:8,(anonymous_1)
DA:5,3
DA:9,5
DA:12,8
LF:3
LH:3
BRF:0
BRH:0
end_of_record
TN:
SF:/Users/rachel/meetup/meetup/src/api.js
FN:3,getSuggestions
FN:27,getEvents
FN:31,getAccessToken
FNF:3
FNH:2
FNDA:2,getSuggestions
FNDA:1,getEvents
FNDA:0,getAccessToken
DA:4,2
DA:28,1
DA:32,0
DA:33,0
DA:34,0
DA:35,0
DA:37,0
DA:38,0
DA:39,0
DA:41,0
DA:43,0
DA:45,0
DA:46,0
DA:49,0
DA:50,0
LF:15
LH:2
BRDA:33,0,0,0
BRDA:33,0,1,0
BRDA:37,1,0,0
BRDA:37,1,1,0
BRDA:45,2,0,0
BRDA:45,2,1,0
BRDA:45,3,0,0
BRDA:45,3,1,0
BRF:8
BRH:0
end_of_record
TN:
SF:/Users/rachel/meetup/meetup/src/mock-events.js
FNF:0
FNH:0
DA:2,4
LF:1
LH:1
BRF:0
BRH:0
end_of_record
